[{
  "Plan": {
    "Node Type": "Nested Loop",
    "Join Type": "Inner",
    "Startup Cost": 0.29,
    "Total Cost": 25678.45,
    "Plan Rows": 100,
    "Plan Width": 64,
    "Actual Startup Time": 0.05,
    "Actual Total Time": 8234.56,
    "Actual Rows": 50000,
    "Actual Loops": 1,
    "Inner Unique": false,
    "Plans": [
      {
        "Node Type": "Seq Scan",
        "Parent Relationship": "Outer",
        "Relation Name": "orders",
        "Alias": "o",
        "Startup Cost": 0.00,
        "Total Cost": 1234.00,
        "Plan Rows": 50000,
        "Plan Width": 32,
        "Actual Startup Time": 0.01,
        "Actual Total Time": 45.67,
        "Actual Rows": 50000,
        "Actual Loops": 1,
        "Filter": "(customer_id IS NOT NULL)"
      },
      {
        "Node Type": "Index Scan",
        "Parent Relationship": "Inner",
        "Relation Name": "customers",
        "Alias": "c",
        "Index Name": "customers_pkey",
        "Startup Cost": 0.29,
        "Total Cost": 0.48,
        "Plan Rows": 1,
        "Plan Width": 32,
        "Actual Startup Time": 0.001,
        "Actual Total Time": 0.002,
        "Actual Rows": 1,
        "Actual Loops": 50000,
        "Index Cond": "(id = o.customer_id)"
      }
    ]
  },
  "Planning Time": 0.567,
  "Execution Time": 8234.56
}]
